2023/10/15 16:47:54 [notice] 1#1: using the "epoll" event method
2023/10/15 16:47:54 [notice] 1#1: nginx/1.25.2
2023/10/15 16:47:54 [notice] 1#1: built by gcc 12.2.0 (Debian 12.2.0-14) 
2023/10/15 16:47:54 [notice] 1#1: OS: Linux 5.4.0-164-generic
2023/10/15 16:47:54 [notice] 1#1: getrlimit(RLIMIT_NOFILE): 1048576:1048576
2023/10/15 16:47:54 [notice] 1#1: start worker processes
2023/10/15 16:47:54 [notice] 1#1: start worker process 28
2023/10/15 16:47:54 [notice] 1#1: start worker process 29
2023/10/15 16:47:54 [notice] 1#1: start worker process 30
2023/10/15 16:47:54 [notice] 1#1: start worker process 31
2023/10/15 16:47:54 [notice] 1#1: start worker process 32
2023/10/15 16:47:54 [notice] 1#1: start worker process 33
2023/10/15 16:47:54 [notice] 1#1: start worker process 34
2023/10/15 16:47:54 [notice] 1#1: start worker process 35
2023/10/15 16:47:54 [notice] 1#1: start worker process 36
2023/10/15 16:47:54 [notice] 1#1: start worker process 37
2023/10/15 16:47:54 [notice] 1#1: start worker process 38
2023/10/15 16:47:54 [notice] 1#1: start worker process 39
2023/10/15 16:47:54 [notice] 1#1: start worker process 40
2023/10/15 16:47:54 [notice] 1#1: start worker process 41
2023/10/15 16:47:54 [notice] 1#1: start worker process 42
2023/10/15 16:47:54 [notice] 1#1: start worker process 43
2023/10/15 16:47:54 [notice] 1#1: start worker process 44
2023/10/15 16:47:54 [notice] 1#1: start worker process 45
2023/10/15 16:47:54 [notice] 1#1: start worker process 46
2023/10/15 16:47:54 [notice] 1#1: start worker process 47
2023/10/15 16:55:46 [notice] 849#849: signal process started
2023/10/15 16:55:46 [notice] 1#1: signal 1 (SIGHUP) received from 849, reconfiguring
2023/10/15 16:55:46 [notice] 1#1: reconfiguring
2023/10/15 16:55:46 [notice] 1#1: using the "epoll" event method
2023/10/15 16:55:46 [notice] 1#1: start worker processes
2023/10/15 16:55:46 [notice] 1#1: start worker process 850
2023/10/15 16:55:46 [notice] 1#1: start worker process 851
2023/10/15 16:55:46 [notice] 1#1: start worker process 852
2023/10/15 16:55:46 [notice] 1#1: start worker process 853
2023/10/15 16:55:46 [notice] 1#1: start worker process 854
2023/10/15 16:55:46 [notice] 1#1: start worker process 855
2023/10/15 16:55:46 [notice] 1#1: start worker process 856
2023/10/15 16:55:46 [notice] 1#1: start worker process 857
2023/10/15 16:55:46 [notice] 1#1: start worker process 858
2023/10/15 16:55:46 [notice] 1#1: start worker process 859
2023/10/15 16:55:46 [notice] 1#1: start worker process 860
2023/10/15 16:55:46 [notice] 1#1: start worker process 861
2023/10/15 16:55:46 [notice] 1#1: start worker process 862
2023/10/15 16:55:46 [notice] 1#1: start worker process 863
2023/10/15 16:55:46 [notice] 1#1: start worker process 864
2023/10/15 16:55:46 [notice] 1#1: start worker process 865
2023/10/15 16:55:46 [notice] 1#1: start worker process 866
2023/10/15 16:55:46 [notice] 1#1: start worker process 867
2023/10/15 16:55:46 [notice] 1#1: start worker process 868
2023/10/15 16:55:46 [notice] 1#1: start worker process 869
2023/10/15 16:55:47 [notice] 28#28: gracefully shutting down
2023/10/15 16:55:47 [notice] 32#32: gracefully shutting down
2023/10/15 16:55:47 [notice] 29#29: gracefully shutting down
2023/10/15 16:55:47 [notice] 31#31: gracefully shutting down
2023/10/15 16:55:47 [notice] 38#38: gracefully shutting down
2023/10/15 16:55:47 [notice] 30#30: gracefully shutting down
2023/10/15 16:55:47 [notice] 33#33: gracefully shutting down
2023/10/15 16:55:47 [notice] 34#34: gracefully shutting down
2023/10/15 16:55:47 [notice] 35#35: gracefully shutting down
2023/10/15 16:55:47 [notice] 36#36: gracefully shutting down
2023/10/15 16:55:47 [notice] 28#28: exiting
2023/10/15 16:55:47 [notice] 37#37: gracefully shutting down
2023/10/15 16:55:47 [notice] 32#32: exiting
2023/10/15 16:55:47 [notice] 39#39: gracefully shutting down
2023/10/15 16:55:47 [notice] 40#40: gracefully shutting down
2023/10/15 16:55:47 [notice] 41#41: gracefully shutting down
2023/10/15 16:55:47 [notice] 42#42: gracefully shutting down
2023/10/15 16:55:47 [notice] 29#29: exiting
2023/10/15 16:55:47 [notice] 43#43: gracefully shutting down
2023/10/15 16:55:47 [notice] 44#44: gracefully shutting down
2023/10/15 16:55:47 [notice] 31#31: exiting
2023/10/15 16:55:47 [notice] 45#45: gracefully shutting down
2023/10/15 16:55:47 [notice] 38#38: exiting
2023/10/15 16:55:47 [notice] 47#47: gracefully shutting down
2023/10/15 16:55:47 [notice] 30#30: exiting
2023/10/15 16:55:47 [notice] 33#33: exiting
2023/10/15 16:55:47 [notice] 34#34: exiting
2023/10/15 16:55:47 [notice] 35#35: exiting
2023/10/15 16:55:47 [notice] 36#36: exiting
2023/10/15 16:55:47 [notice] 37#37: exiting
2023/10/15 16:55:47 [notice] 39#39: exiting
2023/10/15 16:55:47 [notice] 28#28: exit
2023/10/15 16:55:47 [notice] 40#40: exiting
2023/10/15 16:55:47 [notice] 41#41: exiting
2023/10/15 16:55:47 [notice] 42#42: exiting
2023/10/15 16:55:47 [notice] 32#32: exit
2023/10/15 16:55:47 [notice] 43#43: exiting
2023/10/15 16:55:47 [notice] 44#44: exiting
2023/10/15 16:55:47 [notice] 29#29: exit
2023/10/15 16:55:47 [notice] 45#45: exiting
2023/10/15 16:55:47 [notice] 47#47: exiting
2023/10/15 16:55:47 [notice] 31#31: exit
2023/10/15 16:55:47 [notice] 30#30: exit
2023/10/15 16:55:47 [notice] 38#38: exit
2023/10/15 16:55:47 [notice] 34#34: exit
2023/10/15 16:55:47 [notice] 33#33: exit
2023/10/15 16:55:47 [notice] 35#35: exit
2023/10/15 16:55:47 [notice] 36#36: exit
2023/10/15 16:55:47 [notice] 40#40: exit
2023/10/15 16:55:47 [notice] 37#37: exit
2023/10/15 16:55:47 [notice] 39#39: exit
2023/10/15 16:55:47 [notice] 41#41: exit
2023/10/15 16:55:47 [notice] 43#43: exit
2023/10/15 16:55:47 [notice] 42#42: exit
2023/10/15 16:55:47 [notice] 45#45: exit
2023/10/15 16:55:47 [notice] 44#44: exit
2023/10/15 16:55:47 [notice] 47#47: exit
2023/10/15 16:55:47 [notice] 46#46: gracefully shutting down
2023/10/15 16:55:47 [notice] 46#46: exiting
2023/10/15 16:55:47 [notice] 46#46: exit
2023/10/15 16:55:47 [notice] 1#1: signal 17 (SIGCHLD) received from 30
2023/10/15 16:55:47 [notice] 1#1: worker process 30 exited with code 0
2023/10/15 16:55:47 [notice] 1#1: worker process 36 exited with code 0
2023/10/15 16:55:47 [notice] 1#1: worker process 33 exited with code 0
2023/10/15 16:55:47 [notice] 1#1: worker process 39 exited with code 0
2023/10/15 16:55:47 [notice] 1#1: worker process 46 exited with code 0
2023/10/15 16:55:47 [notice] 1#1: signal 29 (SIGIO) received
2023/10/15 16:55:47 [notice] 1#1: signal 17 (SIGCHLD) received from 39
2023/10/15 16:55:47 [notice] 1#1: signal 17 (SIGCHLD) received from 42
2023/10/15 16:55:47 [notice] 1#1: worker process 42 exited with code 0
2023/10/15 16:55:47 [notice] 1#1: signal 29 (SIGIO) received
2023/10/15 16:55:47 [notice] 1#1: signal 17 (SIGCHLD) received from 41
2023/10/15 16:55:47 [notice] 1#1: worker process 41 exited with code 0
2023/10/15 16:55:47 [notice] 1#1: worker process 47 exited with code 0
2023/10/15 16:55:47 [notice] 1#1: signal 29 (SIGIO) received
2023/10/15 16:55:47 [notice] 1#1: signal 17 (SIGCHLD) received from 45
2023/10/15 16:55:47 [notice] 1#1: worker process 45 exited with code 0
2023/10/15 16:55:47 [notice] 1#1: signal 29 (SIGIO) received
2023/10/15 16:55:47 [notice] 1#1: signal 17 (SIGCHLD) received from 35
2023/10/15 16:55:47 [notice] 1#1: worker process 35 exited with code 0
2023/10/15 16:55:47 [notice] 1#1: worker process 40 exited with code 0
2023/10/15 16:55:47 [notice] 1#1: worker process 44 exited with code 0
2023/10/15 16:55:47 [notice] 1#1: signal 29 (SIGIO) received
2023/10/15 16:55:47 [notice] 1#1: signal 17 (SIGCHLD) received from 28
2023/10/15 16:55:47 [notice] 1#1: worker process 28 exited with code 0
2023/10/15 16:55:47 [notice] 1#1: signal 29 (SIGIO) received
2023/10/15 16:55:47 [notice] 1#1: signal 17 (SIGCHLD) received from 31
2023/10/15 16:55:47 [notice] 1#1: worker process 31 exited with code 0
2023/10/15 16:55:47 [notice] 1#1: worker process 38 exited with code 0
2023/10/15 16:55:47 [notice] 1#1: signal 29 (SIGIO) received
2023/10/15 16:55:47 [notice] 1#1: signal 17 (SIGCHLD) received from 43
2023/10/15 16:55:47 [notice] 1#1: worker process 43 exited with code 0
2023/10/15 16:55:47 [notice] 1#1: signal 29 (SIGIO) received
2023/10/15 16:55:47 [notice] 1#1: signal 17 (SIGCHLD) received from 29
2023/10/15 16:55:47 [notice] 1#1: worker process 29 exited with code 0
2023/10/15 16:55:47 [notice] 1#1: signal 29 (SIGIO) received
2023/10/15 16:55:47 [notice] 1#1: signal 17 (SIGCHLD) received from 34
2023/10/15 16:55:47 [notice] 1#1: worker process 34 exited with code 0
2023/10/15 16:55:47 [notice] 1#1: signal 29 (SIGIO) received
2023/10/15 16:55:47 [notice] 1#1: signal 17 (SIGCHLD) received from 32
2023/10/15 16:55:47 [notice] 1#1: worker process 32 exited with code 0
2023/10/15 16:55:47 [notice] 1#1: signal 29 (SIGIO) received
2023/10/15 16:55:47 [notice] 1#1: signal 17 (SIGCHLD) received from 37
2023/10/15 16:55:47 [notice] 1#1: worker process 37 exited with code 0
2023/10/15 16:55:47 [notice] 1#1: signal 29 (SIGIO) received
2023/10/15 16:55:52 [notice] 870#870: signal process started
2023/10/15 16:55:52 [notice] 1#1: signal 1 (SIGHUP) received from 870, reconfiguring
2023/10/15 16:55:52 [notice] 1#1: reconfiguring
2023/10/15 16:55:52 [notice] 1#1: using the "epoll" event method
2023/10/15 16:55:52 [notice] 1#1: start worker processes
2023/10/15 16:55:52 [notice] 1#1: start worker process 871
2023/10/15 16:55:52 [notice] 1#1: start worker process 872
2023/10/15 16:55:52 [notice] 1#1: start worker process 873
2023/10/15 16:55:52 [notice] 1#1: start worker process 874
2023/10/15 16:55:52 [notice] 1#1: start worker process 875
2023/10/15 16:55:52 [notice] 1#1: start worker process 876
2023/10/15 16:55:52 [notice] 1#1: start worker process 877
2023/10/15 16:55:52 [notice] 1#1: start worker process 878
2023/10/15 16:55:52 [notice] 1#1: start worker process 879
2023/10/15 16:55:52 [notice] 1#1: start worker process 880
2023/10/15 16:55:52 [notice] 1#1: start worker process 881
2023/10/15 16:55:52 [notice] 1#1: start worker process 882
2023/10/15 16:55:52 [notice] 1#1: start worker process 883
2023/10/15 16:55:52 [notice] 1#1: start worker process 884
2023/10/15 16:55:52 [notice] 1#1: start worker process 885
2023/10/15 16:55:52 [notice] 1#1: start worker process 886
2023/10/15 16:55:52 [notice] 1#1: start worker process 887
2023/10/15 16:55:52 [notice] 1#1: start worker process 888
2023/10/15 16:55:52 [notice] 1#1: start worker process 889
2023/10/15 16:55:52 [notice] 1#1: start worker process 890
2023/10/15 16:55:52 [notice] 850#850: gracefully shutting down
2023/10/15 16:55:52 [notice] 851#851: gracefully shutting down
2023/10/15 16:55:52 [notice] 852#852: gracefully shutting down
2023/10/15 16:55:52 [notice] 853#853: gracefully shutting down
2023/10/15 16:55:52 [notice] 854#854: gracefully shutting down
2023/10/15 16:55:52 [notice] 855#855: gracefully shutting down
2023/10/15 16:55:52 [notice] 856#856: gracefully shutting down
2023/10/15 16:55:52 [notice] 857#857: gracefully shutting down
2023/10/15 16:55:52 [notice] 858#858: gracefully shutting down
2023/10/15 16:55:52 [notice] 856#856: exiting
2023/10/15 16:55:52 [notice] 850#850: exiting
2023/10/15 16:55:52 [notice] 859#859: gracefully shutting down
2023/10/15 16:55:52 [notice] 860#860: gracefully shutting down
2023/10/15 16:55:52 [notice] 861#861: gracefully shutting down
2023/10/15 16:55:52 [notice] 852#852: exiting
2023/10/15 16:55:52 [notice] 862#862: gracefully shutting down
2023/10/15 16:55:52 [notice] 853#853: exiting
2023/10/15 16:55:52 [notice] 863#863: gracefully shutting down
2023/10/15 16:55:52 [notice] 854#854: exiting
2023/10/15 16:55:52 [notice] 864#864: gracefully shutting down
2023/10/15 16:55:52 [notice] 865#865: gracefully shutting down
2023/10/15 16:55:52 [notice] 855#855: exiting
2023/10/15 16:55:52 [notice] 866#866: gracefully shutting down
2023/10/15 16:55:52 [notice] 867#867: gracefully shutting down
2023/10/15 16:55:52 [notice] 857#857: exiting
2023/10/15 16:55:52 [notice] 868#868: gracefully shutting down
2023/10/15 16:55:52 [notice] 858#858: exiting
2023/10/15 16:55:52 [notice] 856#856: exit
2023/10/15 16:55:52 [notice] 869#869: gracefully shutting down
2023/10/15 16:55:52 [notice] 862#862: exiting
2023/10/15 16:55:52 [notice] 860#860: exiting
2023/10/15 16:55:52 [notice] 863#863: exiting
2023/10/15 16:55:52 [notice] 865#865: exiting
2023/10/15 16:55:52 [notice] 859#859: exiting
2023/10/15 16:55:52 [notice] 864#864: exiting
2023/10/15 16:55:52 [notice] 866#866: exiting
2023/10/15 16:55:52 [notice] 867#867: exiting
2023/10/15 16:55:52 [notice] 850#850: exit
2023/10/15 16:55:52 [notice] 861#861: exiting
2023/10/15 16:55:52 [notice] 853#853: exit
2023/10/15 16:55:52 [notice] 868#868: exiting
2023/10/15 16:55:52 [notice] 854#854: exit
2023/10/15 16:55:52 [notice] 852#852: exit
2023/10/15 16:55:52 [notice] 869#869: exiting
2023/10/15 16:55:52 [notice] 855#855: exit
2023/10/15 16:55:52 [notice] 857#857: exit
2023/10/15 16:55:52 [notice] 858#858: exit
2023/10/15 16:55:52 [notice] 862#862: exit
2023/10/15 16:55:52 [notice] 863#863: exit
2023/10/15 16:55:52 [notice] 860#860: exit
2023/10/15 16:55:52 [notice] 865#865: exit
2023/10/15 16:55:52 [notice] 866#866: exit
2023/10/15 16:55:52 [notice] 867#867: exit
2023/10/15 16:55:52 [notice] 861#861: exit
2023/10/15 16:55:52 [notice] 868#868: exit
2023/10/15 16:55:52 [notice] 859#859: exit
2023/10/15 16:55:52 [notice] 869#869: exit
2023/10/15 16:55:52 [notice] 864#864: exit
2023/10/15 16:55:52 [notice] 851#851: exiting
2023/10/15 16:55:52 [notice] 851#851: exit
2023/10/15 16:55:52 [notice] 1#1: signal 17 (SIGCHLD) received from 864
2023/10/15 16:55:52 [notice] 1#1: worker process 864 exited with code 0
2023/10/15 16:55:52 [notice] 1#1: signal 29 (SIGIO) received
2023/10/15 16:55:52 [notice] 1#1: signal 17 (SIGCHLD) received from 851
2023/10/15 16:55:52 [notice] 1#1: worker process 851 exited with code 0
2023/10/15 16:55:52 [notice] 1#1: worker process 856 exited with code 0
2023/10/15 16:55:52 [notice] 1#1: worker process 858 exited with code 0
2023/10/15 16:55:52 [notice] 1#1: signal 29 (SIGIO) received
2023/10/15 16:55:52 [notice] 1#1: signal 17 (SIGCHLD) received from 863
2023/10/15 16:55:52 [notice] 1#1: worker process 863 exited with code 0
2023/10/15 16:55:52 [notice] 1#1: signal 29 (SIGIO) received
2023/10/15 16:55:52 [notice] 1#1: signal 17 (SIGCHLD) received from 862
2023/10/15 16:55:52 [notice] 1#1: worker process 862 exited with code 0
2023/10/15 16:55:52 [notice] 1#1: signal 29 (SIGIO) received
2023/10/15 16:55:52 [notice] 1#1: signal 17 (SIGCHLD) received from 866
2023/10/15 16:55:52 [notice] 1#1: worker process 866 exited with code 0
2023/10/15 16:55:52 [notice] 1#1: signal 29 (SIGIO) received
2023/10/15 16:55:52 [notice] 1#1: signal 17 (SIGCHLD) received from 860
2023/10/15 16:55:52 [notice] 1#1: worker process 859 exited with code 0
2023/10/15 16:55:52 [notice] 1#1: worker process 860 exited with code 0
2023/10/15 16:55:52 [notice] 1#1: worker process 865 exited with code 0
2023/10/15 16:55:52 [notice] 1#1: worker process 868 exited with code 0
2023/10/15 16:55:52 [notice] 1#1: signal 29 (SIGIO) received
2023/10/15 16:55:52 [notice] 1#1: signal 17 (SIGCHLD) received from 865
2023/10/15 16:55:52 [notice] 1#1: signal 17 (SIGCHLD) received from 850
2023/10/15 16:55:52 [notice] 1#1: worker process 850 exited with code 0
2023/10/15 16:55:52 [notice] 1#1: signal 29 (SIGIO) received
2023/10/15 16:55:52 [notice] 1#1: signal 17 (SIGCHLD) received from 861
2023/10/15 16:55:52 [notice] 1#1: worker process 861 exited with code 0
2023/10/15 16:55:52 [notice] 1#1: worker process 869 exited with code 0
2023/10/15 16:55:52 [notice] 1#1: signal 29 (SIGIO) received
2023/10/15 16:55:52 [notice] 1#1: signal 17 (SIGCHLD) received from 869
2023/10/15 16:55:52 [notice] 1#1: worker process 857 exited with code 0
2023/10/15 16:55:52 [notice] 1#1: worker process 867 exited with code 0
2023/10/15 16:55:52 [notice] 1#1: signal 29 (SIGIO) received
2023/10/15 16:55:52 [notice] 1#1: signal 17 (SIGCHLD) received from 852
2023/10/15 16:55:52 [notice] 1#1: worker process 852 exited with code 0
2023/10/15 16:55:52 [notice] 1#1: signal 29 (SIGIO) received
2023/10/15 16:55:52 [notice] 1#1: signal 17 (SIGCHLD) received from 853
2023/10/15 16:55:52 [notice] 1#1: worker process 853 exited with code 0
2023/10/15 16:55:52 [notice] 1#1: signal 29 (SIGIO) received
2023/10/15 16:55:52 [notice] 1#1: signal 17 (SIGCHLD) received from 854
2023/10/15 16:55:52 [notice] 1#1: worker process 854 exited with code 0
2023/10/15 16:55:52 [notice] 1#1: signal 29 (SIGIO) received
2023/10/15 16:55:52 [notice] 1#1: signal 17 (SIGCHLD) received from 855
2023/10/15 16:55:52 [notice] 1#1: worker process 855 exited with code 0
2023/10/15 16:55:52 [notice] 1#1: signal 29 (SIGIO) received
2023/10/15 16:55:55 [notice] 891#891: signal process started
2023/10/15 16:55:55 [notice] 1#1: signal 1 (SIGHUP) received from 891, reconfiguring
2023/10/15 16:55:55 [notice] 1#1: reconfiguring
2023/10/15 16:55:55 [notice] 1#1: using the "epoll" event method
2023/10/15 16:55:55 [notice] 1#1: start worker processes
2023/10/15 16:55:55 [notice] 1#1: start worker process 892
2023/10/15 16:55:55 [notice] 1#1: start worker process 893
2023/10/15 16:55:55 [notice] 1#1: start worker process 894
2023/10/15 16:55:55 [notice] 1#1: start worker process 895
2023/10/15 16:55:55 [notice] 1#1: start worker process 896
2023/10/15 16:55:55 [notice] 1#1: start worker process 897
2023/10/15 16:55:55 [notice] 1#1: start worker process 898
2023/10/15 16:55:55 [notice] 1#1: start worker process 899
2023/10/15 16:55:55 [notice] 1#1: start worker process 900
2023/10/15 16:55:55 [notice] 1#1: start worker process 901
2023/10/15 16:55:55 [notice] 1#1: start worker process 902
2023/10/15 16:55:55 [notice] 1#1: start worker process 903
2023/10/15 16:55:55 [notice] 1#1: start worker process 904
2023/10/15 16:55:55 [notice] 1#1: start worker process 905
2023/10/15 16:55:55 [notice] 1#1: start worker process 906
2023/10/15 16:55:55 [notice] 1#1: start worker process 907
2023/10/15 16:55:55 [notice] 1#1: start worker process 908
2023/10/15 16:55:55 [notice] 1#1: start worker process 909
2023/10/15 16:55:55 [notice] 1#1: start worker process 910
2023/10/15 16:55:55 [notice] 1#1: start worker process 911
2023/10/15 16:55:55 [notice] 871#871: gracefully shutting down
2023/10/15 16:55:55 [notice] 872#872: gracefully shutting down
2023/10/15 16:55:55 [notice] 873#873: gracefully shutting down
2023/10/15 16:55:55 [notice] 874#874: gracefully shutting down
2023/10/15 16:55:55 [notice] 872#872: exiting
2023/10/15 16:55:55 [notice] 875#875: gracefully shutting down
2023/10/15 16:55:55 [notice] 876#876: gracefully shutting down
2023/10/15 16:55:55 [notice] 877#877: gracefully shutting down
2023/10/15 16:55:55 [notice] 878#878: gracefully shutting down
2023/10/15 16:55:55 [notice] 879#879: gracefully shutting down
2023/10/15 16:55:55 [notice] 871#871: exiting
2023/10/15 16:55:55 [notice] 880#880: gracefully shutting down
2023/10/15 16:55:55 [notice] 881#881: gracefully shutting down
2023/10/15 16:55:55 [notice] 882#882: gracefully shutting down
2023/10/15 16:55:55 [notice] 883#883: gracefully shutting down
2023/10/15 16:55:55 [notice] 884#884: gracefully shutting down
2023/10/15 16:55:55 [notice] 873#873: exiting
2023/10/15 16:55:55 [notice] 885#885: gracefully shutting down
2023/10/15 16:55:55 [notice] 886#886: gracefully shutting down
2023/10/15 16:55:55 [notice] 874#874: exiting
2023/10/15 16:55:55 [notice] 887#887: gracefully shutting down
2023/10/15 16:55:55 [notice] 888#888: gracefully shutting down
2023/10/15 16:55:55 [notice] 875#875: exiting
2023/10/15 16:55:55 [notice] 876#876: exiting
2023/10/15 16:55:55 [notice] 877#877: exiting
2023/10/15 16:55:55 [notice] 872#872: exit
2023/10/15 16:55:55 [notice] 878#878: exiting
2023/10/15 16:55:55 [notice] 879#879: exiting
2023/10/15 16:55:55 [notice] 889#889: gracefully shutting down
2023/10/15 16:55:55 [notice] 880#880: exiting
2023/10/15 16:55:55 [notice] 881#881: exiting
2023/10/15 16:55:55 [notice] 874#874: exit
2023/10/15 16:55:55 [notice] 882#882: exiting
2023/10/15 16:55:55 [notice] 871#871: exit
2023/10/15 16:55:55 [notice] 883#883: exiting
2023/10/15 16:55:55 [notice] 884#884: exiting
2023/10/15 16:55:55 [notice] 885#885: exiting
2023/10/15 16:55:55 [notice] 886#886: exiting
2023/10/15 16:55:55 [notice] 878#878: exit
2023/10/15 16:55:55 [notice] 873#873: exit
2023/10/15 16:55:55 [notice] 887#887: exiting
2023/10/15 16:55:55 [notice] 888#888: exiting
2023/10/15 16:55:55 [notice] 889#889: exiting
2023/10/15 16:55:55 [notice] 875#875: exit
2023/10/15 16:55:55 [notice] 876#876: exit
2023/10/15 16:55:55 [notice] 877#877: exit
2023/10/15 16:55:55 [notice] 879#879: exit
2023/10/15 16:55:55 [notice] 880#880: exit
2023/10/15 16:55:55 [notice] 881#881: exit
2023/10/15 16:55:55 [notice] 882#882: exit
2023/10/15 16:55:55 [notice] 883#883: exit
2023/10/15 16:55:55 [notice] 884#884: exit
2023/10/15 16:55:55 [notice] 886#886: exit
2023/10/15 16:55:55 [notice] 885#885: exit
2023/10/15 16:55:55 [notice] 887#887: exit
2023/10/15 16:55:55 [notice] 889#889: exit
2023/10/15 16:55:55 [notice] 888#888: exit
2023/10/15 16:55:55 [notice] 890#890: gracefully shutting down
2023/10/15 16:55:55 [notice] 890#890: exiting
2023/10/15 16:55:55 [notice] 890#890: exit
2023/10/15 16:55:55 [notice] 1#1: signal 17 (SIGCHLD) received from 887
2023/10/15 16:55:55 [notice] 1#1: worker process 887 exited with code 0
2023/10/15 16:55:55 [notice] 1#1: signal 29 (SIGIO) received
2023/10/15 16:55:55 [notice] 1#1: signal 17 (SIGCHLD) received from 871
2023/10/15 16:55:55 [notice] 1#1: worker process 871 exited with code 0
2023/10/15 16:55:55 [notice] 1#1: worker process 879 exited with code 0
2023/10/15 16:55:55 [notice] 1#1: worker process 889 exited with code 0
2023/10/15 16:55:55 [notice] 1#1: signal 29 (SIGIO) received
2023/10/15 16:55:55 [notice] 1#1: signal 17 (SIGCHLD) received from 872
2023/10/15 16:55:55 [notice] 1#1: worker process 872 exited with code 0
2023/10/15 16:55:55 [notice] 1#1: signal 29 (SIGIO) received
2023/10/15 16:55:55 [notice] 1#1: signal 17 (SIGCHLD) received from 883
2023/10/15 16:55:55 [notice] 1#1: worker process 883 exited with code 0
2023/10/15 16:55:55 [notice] 1#1: signal 29 (SIGIO) received
2023/10/15 16:55:55 [notice] 1#1: signal 17 (SIGCHLD) received from 880
2023/10/15 16:55:55 [notice] 1#1: worker process 880 exited with code 0
2023/10/15 16:55:55 [notice] 1#1: signal 29 (SIGIO) received
2023/10/15 16:55:55 [notice] 1#1: signal 17 (SIGCHLD) received from 888
2023/10/15 16:55:55 [notice] 1#1: worker process 888 exited with code 0
2023/10/15 16:55:55 [notice] 1#1: worker process 882 exited with code 0
2023/10/15 16:55:55 [notice] 1#1: signal 29 (SIGIO) received
2023/10/15 16:55:55 [notice] 1#1: signal 17 (SIGCHLD) received from 882
2023/10/15 16:55:55 [notice] 1#1: worker process 873 exited with code 0
2023/10/15 16:55:55 [notice] 1#1: worker process 890 exited with code 0
2023/10/15 16:55:55 [notice] 1#1: signal 29 (SIGIO) received
2023/10/15 16:55:55 [notice] 1#1: signal 17 (SIGCHLD) received from 877
2023/10/15 16:55:55 [notice] 1#1: worker process 877 exited with code 0
2023/10/15 16:55:55 [notice] 1#1: signal 29 (SIGIO) received
2023/10/15 16:55:55 [notice] 1#1: signal 17 (SIGCHLD) received from 874
2023/10/15 16:55:55 [notice] 1#1: worker process 874 exited with code 0
2023/10/15 16:55:55 [notice] 1#1: worker process 881 exited with code 0
2023/10/15 16:55:55 [notice] 1#1: signal 29 (SIGIO) received
2023/10/15 16:55:55 [notice] 1#1: signal 17 (SIGCHLD) received from 886
2023/10/15 16:55:55 [notice] 1#1: worker process 886 exited with code 0
2023/10/15 16:55:55 [notice] 1#1: signal 29 (SIGIO) received
2023/10/15 16:55:55 [notice] 1#1: signal 17 (SIGCHLD) received from 878
2023/10/15 16:55:55 [notice] 1#1: worker process 878 exited with code 0
2023/10/15 16:55:55 [notice] 1#1: signal 29 (SIGIO) received
2023/10/15 16:55:55 [notice] 1#1: signal 17 (SIGCHLD) received from 875
2023/10/15 16:55:55 [notice] 1#1: worker process 875 exited with code 0
2023/10/15 16:55:55 [notice] 1#1: signal 29 (SIGIO) received
2023/10/15 16:55:55 [notice] 1#1: signal 17 (SIGCHLD) received from 884
2023/10/15 16:55:55 [notice] 1#1: worker process 884 exited with code 0
2023/10/15 16:55:55 [notice] 1#1: signal 29 (SIGIO) received
2023/10/15 16:55:55 [notice] 1#1: signal 17 (SIGCHLD) received from 885
2023/10/15 16:55:55 [notice] 1#1: worker process 885 exited with code 0
2023/10/15 16:55:55 [notice] 1#1: signal 29 (SIGIO) received
2023/10/15 16:55:55 [notice] 1#1: signal 17 (SIGCHLD) received from 876
2023/10/15 16:55:55 [notice] 1#1: worker process 876 exited with code 0
2023/10/15 16:55:55 [notice] 1#1: signal 29 (SIGIO) received
2023/10/15 16:55:56 [notice] 912#912: signal process started
2023/10/15 16:55:56 [notice] 1#1: signal 1 (SIGHUP) received from 912, reconfiguring
2023/10/15 16:55:56 [notice] 1#1: reconfiguring
2023/10/15 16:55:56 [notice] 1#1: using the "epoll" event method
2023/10/15 16:55:56 [notice] 1#1: start worker processes
2023/10/15 16:55:56 [notice] 1#1: start worker process 913
2023/10/15 16:55:56 [notice] 1#1: start worker process 914
2023/10/15 16:55:56 [notice] 1#1: start worker process 915
2023/10/15 16:55:56 [notice] 1#1: start worker process 916
2023/10/15 16:55:56 [notice] 1#1: start worker process 917
2023/10/15 16:55:56 [notice] 1#1: start worker process 918
2023/10/15 16:55:56 [notice] 1#1: start worker process 919
2023/10/15 16:55:56 [notice] 1#1: start worker process 920
2023/10/15 16:55:56 [notice] 1#1: start worker process 921
2023/10/15 16:55:56 [notice] 1#1: start worker process 922
2023/10/15 16:55:56 [notice] 1#1: start worker process 923
2023/10/15 16:55:56 [notice] 1#1: start worker process 924
2023/10/15 16:55:56 [notice] 1#1: start worker process 925
2023/10/15 16:55:56 [notice] 1#1: start worker process 926
2023/10/15 16:55:56 [notice] 1#1: start worker process 927
2023/10/15 16:55:56 [notice] 1#1: start worker process 928
2023/10/15 16:55:56 [notice] 1#1: start worker process 929
2023/10/15 16:55:56 [notice] 1#1: start worker process 930
2023/10/15 16:55:56 [notice] 1#1: start worker process 931
2023/10/15 16:55:56 [notice] 1#1: start worker process 932
2023/10/15 16:55:56 [notice] 892#892: gracefully shutting down
2023/10/15 16:55:56 [notice] 893#893: gracefully shutting down
2023/10/15 16:55:56 [notice] 894#894: gracefully shutting down
2023/10/15 16:55:56 [notice] 895#895: gracefully shutting down
2023/10/15 16:55:56 [notice] 896#896: gracefully shutting down
2023/10/15 16:55:56 [notice] 897#897: gracefully shutting down
2023/10/15 16:55:56 [notice] 898#898: gracefully shutting down
2023/10/15 16:55:56 [notice] 899#899: gracefully shutting down
2023/10/15 16:55:56 [notice] 900#900: gracefully shutting down
2023/10/15 16:55:56 [notice] 892#892: exiting
2023/10/15 16:55:56 [notice] 902#902: gracefully shutting down
2023/10/15 16:55:56 [notice] 893#893: exiting
2023/10/15 16:55:56 [notice] 910#910: gracefully shutting down
2023/10/15 16:55:56 [notice] 903#903: gracefully shutting down
2023/10/15 16:55:56 [notice] 894#894: exiting
2023/10/15 16:55:56 [notice] 904#904: gracefully shutting down
2023/10/15 16:55:56 [notice] 905#905: gracefully shutting down
2023/10/15 16:55:56 [notice] 895#895: exiting
2023/10/15 16:55:56 [notice] 896#896: exiting
2023/10/15 16:55:56 [notice] 906#906: gracefully shutting down
2023/10/15 16:55:56 [notice] 897#897: exiting
2023/10/15 16:55:56 [notice] 907#907: gracefully shutting down
2023/10/15 16:55:56 [notice] 908#908: gracefully shutting down
2023/10/15 16:55:56 [notice] 898#898: exiting
2023/10/15 16:55:56 [notice] 909#909: gracefully shutting down
2023/10/15 16:55:56 [notice] 899#899: exiting
2023/10/15 16:55:56 [notice] 911#911: gracefully shutting down
2023/10/15 16:55:56 [notice] 900#900: exiting
2023/10/15 16:55:56 [notice] 902#902: exiting
2023/10/15 16:55:56 [notice] 910#910: exiting
2023/10/15 16:55:56 [notice] 903#903: exiting
2023/10/15 16:55:56 [notice] 904#904: exiting
2023/10/15 16:55:56 [notice] 905#905: exiting
2023/10/15 16:55:56 [notice] 906#906: exiting
2023/10/15 16:55:56 [notice] 907#907: exiting
2023/10/15 16:55:56 [notice] 908#908: exiting
2023/10/15 16:55:56 [notice] 909#909: exiting
2023/10/15 16:55:56 [notice] 911#911: exiting
2023/10/15 16:55:56 [notice] 901#901: gracefully shutting down
2023/10/15 16:55:56 [notice] 894#894: exit
2023/10/15 16:55:56 [notice] 892#892: exit
2023/10/15 16:55:56 [notice] 901#901: exiting
2023/10/15 16:55:56 [notice] 895#895: exit
2023/10/15 16:55:56 [notice] 896#896: exit
2023/10/15 16:55:56 [notice] 897#897: exit
2023/10/15 16:55:56 [notice] 898#898: exit
2023/10/15 16:55:56 [notice] 899#899: exit
2023/10/15 16:55:56 [notice] 893#893: exit
2023/10/15 16:55:56 [notice] 902#902: exit
2023/10/15 16:55:56 [notice] 905#905: exit
2023/10/15 16:55:56 [notice] 903#903: exit
2023/10/15 16:55:56 [notice] 910#910: exit
2023/10/15 16:55:56 [notice] 900#900: exit
2023/10/15 16:55:56 [notice] 908#908: exit
2023/10/15 16:55:56 [notice] 911#911: exit
2023/10/15 16:55:56 [notice] 909#909: exit
2023/10/15 16:55:56 [notice] 906#906: exit
2023/10/15 16:55:56 [notice] 907#907: exit
2023/10/15 16:55:56 [notice] 904#904: exit
2023/10/15 16:55:56 [notice] 901#901: exit
2023/10/15 16:55:56 [notice] 1#1: signal 17 (SIGCHLD) received from 905
2023/10/15 16:55:56 [notice] 1#1: worker process 905 exited with code 0
2023/10/15 16:55:56 [notice] 1#1: signal 29 (SIGIO) received
2023/10/15 16:55:56 [notice] 1#1: signal 17 (SIGCHLD) received from 907
2023/10/15 16:55:56 [notice] 1#1: worker process 904 exited with code 0
2023/10/15 16:55:56 [notice] 1#1: worker process 894 exited with code 0
2023/10/15 16:55:56 [notice] 1#1: worker process 907 exited with code 0
2023/10/15 16:55:56 [notice] 1#1: worker process 909 exited with code 0
2023/10/15 16:55:56 [notice] 1#1: worker process 911 exited with code 0
2023/10/15 16:55:56 [notice] 1#1: signal 29 (SIGIO) received
2023/10/15 16:55:56 [notice] 1#1: signal 17 (SIGCHLD) received from 894
2023/10/15 16:55:56 [notice] 1#1: worker process 896 exited with code 0
2023/10/15 16:55:56 [notice] 1#1: worker process 900 exited with code 0
2023/10/15 16:55:56 [notice] 1#1: worker process 902 exited with code 0
2023/10/15 16:55:56 [notice] 1#1: signal 29 (SIGIO) received
2023/10/15 16:55:56 [notice] 1#1: signal 17 (SIGCHLD) received from 906
2023/10/15 16:55:56 [notice] 1#1: worker process 906 exited with code 0
2023/10/15 16:55:56 [notice] 1#1: signal 29 (SIGIO) received
2023/10/15 16:55:56 [notice] 1#1: signal 17 (SIGCHLD) received from 901
2023/10/15 16:55:56 [notice] 1#1: worker process 901 exited with code 0
2023/10/15 16:55:56 [notice] 1#1: signal 29 (SIGIO) received
2023/10/15 16:55:56 [notice] 1#1: signal 17 (SIGCHLD) received from 910
2023/10/15 16:55:56 [notice] 1#1: worker process 910 exited with code 0
2023/10/15 16:55:56 [notice] 1#1: signal 29 (SIGIO) received
2023/10/15 16:55:56 [notice] 1#1: signal 17 (SIGCHLD) received from 899
2023/10/15 16:55:56 [notice] 1#1: worker process 899 exited with code 0
2023/10/15 16:55:56 [notice] 1#1: worker process 908 exited with code 0
2023/10/15 16:55:56 [notice] 1#1: signal 29 (SIGIO) received
2023/10/15 16:55:56 [notice] 1#1: signal 17 (SIGCHLD) received from 892
2023/10/15 16:55:56 [notice] 1#1: worker process 892 exited with code 0
2023/10/15 16:55:56 [notice] 1#1: signal 29 (SIGIO) received
2023/10/15 16:55:56 [notice] 1#1: signal 17 (SIGCHLD) received from 895
2023/10/15 16:55:56 [notice] 1#1: worker process 895 exited with code 0
2023/10/15 16:55:56 [notice] 1#1: signal 29 (SIGIO) received
2023/10/15 16:55:56 [notice] 1#1: signal 17 (SIGCHLD) received from 898
2023/10/15 16:55:56 [notice] 1#1: worker process 893 exited with code 0
2023/10/15 16:55:56 [notice] 1#1: worker process 898 exited with code 0
2023/10/15 16:55:56 [notice] 1#1: signal 29 (SIGIO) received
2023/10/15 16:55:56 [notice] 1#1: signal 17 (SIGCHLD) received from 903
2023/10/15 16:55:56 [notice] 1#1: worker process 897 exited with code 0
2023/10/15 16:55:56 [notice] 1#1: worker process 903 exited with code 0
2023/10/15 16:55:56 [notice] 1#1: signal 29 (SIGIO) received
2023/10/15 17:02:28 [notice] 1#1: signal 3 (SIGQUIT) received, shutting down
2023/10/15 17:02:28 [notice] 913#913: gracefully shutting down
2023/10/15 17:02:28 [notice] 914#914: gracefully shutting down
2023/10/15 17:02:28 [notice] 915#915: gracefully shutting down
2023/10/15 17:02:28 [notice] 913#913: exiting
2023/10/15 17:02:28 [notice] 919#919: gracefully shutting down
2023/10/15 17:02:28 [notice] 916#916: gracefully shutting down
2023/10/15 17:02:28 [notice] 917#917: gracefully shutting down
2023/10/15 17:02:28 [notice] 919#919: exiting
2023/10/15 17:02:28 [notice] 925#925: gracefully shutting down
2023/10/15 17:02:28 [notice] 918#918: gracefully shutting down
2023/10/15 17:02:28 [notice] 914#914: exiting
2023/10/15 17:02:28 [notice] 920#920: gracefully shutting down
2023/10/15 17:02:28 [notice] 921#921: gracefully shutting down
2023/10/15 17:02:28 [notice] 915#915: exiting
2023/10/15 17:02:28 [notice] 922#922: gracefully shutting down
2023/10/15 17:02:28 [notice] 924#924: gracefully shutting down
2023/10/15 17:02:28 [notice] 923#923: gracefully shutting down
2023/10/15 17:02:28 [notice] 916#916: exiting
2023/10/15 17:02:28 [notice] 926#926: gracefully shutting down
2023/10/15 17:02:28 [notice] 927#927: gracefully shutting down
2023/10/15 17:02:28 [notice] 917#917: exiting
2023/10/15 17:02:28 [notice] 928#928: gracefully shutting down
2023/10/15 17:02:28 [notice] 925#925: exiting
2023/10/15 17:02:28 [notice] 932#932: gracefully shutting down
2023/10/15 17:02:28 [notice] 918#918: exiting
2023/10/15 17:02:28 [notice] 931#931: gracefully shutting down
2023/10/15 17:02:28 [notice] 920#920: exiting
2023/10/15 17:02:28 [notice] 921#921: exiting
2023/10/15 17:02:28 [notice] 922#922: exiting
2023/10/15 17:02:28 [notice] 924#924: exiting
2023/10/15 17:02:28 [notice] 923#923: exiting
2023/10/15 17:02:28 [notice] 926#926: exiting
2023/10/15 17:02:28 [notice] 927#927: exiting
2023/10/15 17:02:28 [notice] 928#928: exiting
2023/10/15 17:02:28 [notice] 932#932: exiting
2023/10/15 17:02:28 [notice] 931#931: exiting
2023/10/15 17:02:28 [notice] 913#913: exit
2023/10/15 17:02:28 [notice] 919#919: exit
2023/10/15 17:02:28 [notice] 914#914: exit
2023/10/15 17:02:28 [notice] 915#915: exit
2023/10/15 17:02:28 [notice] 916#916: exit
2023/10/15 17:02:28 [notice] 917#917: exit
2023/10/15 17:02:28 [notice] 922#922: exit
2023/10/15 17:02:28 [notice] 925#925: exit
2023/10/15 17:02:28 [notice] 918#918: exit
2023/10/15 17:02:28 [notice] 920#920: exit
2023/10/15 17:02:28 [notice] 924#924: exit
2023/10/15 17:02:28 [notice] 921#921: exit
2023/10/15 17:02:28 [notice] 926#926: exit
2023/10/15 17:02:28 [notice] 927#927: exit
2023/10/15 17:02:28 [notice] 923#923: exit
2023/10/15 17:02:28 [notice] 931#931: exit
2023/10/15 17:02:28 [notice] 932#932: exit
2023/10/15 17:02:28 [notice] 928#928: exit
2023/10/15 17:02:28 [notice] 929#929: gracefully shutting down
2023/10/15 17:02:28 [notice] 929#929: exiting
2023/10/15 17:02:28 [notice] 929#929: exit
2023/10/15 17:02:28 [notice] 930#930: gracefully shutting down
2023/10/15 17:02:28 [notice] 930#930: exiting
2023/10/15 17:02:28 [notice] 930#930: exit
2023/10/15 17:02:28 [notice] 1#1: signal 17 (SIGCHLD) received from 931
2023/10/15 17:02:28 [notice] 1#1: worker process 919 exited with code 0
2023/10/15 17:02:28 [notice] 1#1: worker process 931 exited with code 0
2023/10/15 17:02:28 [notice] 1#1: worker process 928 exited with code 0
2023/10/15 17:02:28 [notice] 1#1: signal 29 (SIGIO) received
2023/10/15 17:02:28 [notice] 1#1: signal 17 (SIGCHLD) received from 919
2023/10/15 17:02:28 [notice] 1#1: worker process 925 exited with code 0
2023/10/15 17:02:28 [notice] 1#1: worker process 926 exited with code 0
2023/10/15 17:02:28 [notice] 1#1: worker process 932 exited with code 0
2023/10/15 17:02:28 [notice] 1#1: signal 29 (SIGIO) received
2023/10/15 17:02:28 [notice] 1#1: signal 17 (SIGCHLD) received from 921
2023/10/15 17:02:28 [notice] 1#1: worker process 921 exited with code 0
2023/10/15 17:02:28 [notice] 1#1: worker process 920 exited with code 0
2023/10/15 17:02:28 [notice] 1#1: signal 29 (SIGIO) received
2023/10/15 17:02:28 [notice] 1#1: signal 17 (SIGCHLD) received from 920
2023/10/15 17:02:28 [notice] 1#1: signal 17 (SIGCHLD) received from 927
2023/10/15 17:02:28 [notice] 1#1: worker process 927 exited with code 0
2023/10/15 17:02:28 [notice] 1#1: worker process 918 exited with code 0
2023/10/15 17:02:28 [notice] 1#1: signal 29 (SIGIO) received
2023/10/15 17:02:28 [notice] 1#1: signal 17 (SIGCHLD) received from 918
2023/10/15 17:02:28 [notice] 1#1: worker process 913 exited with code 0
2023/10/15 17:02:28 [notice] 1#1: worker process 924 exited with code 0
2023/10/15 17:02:28 [notice] 1#1: signal 29 (SIGIO) received
2023/10/15 17:02:28 [notice] 1#1: signal 17 (SIGCHLD) received from 915
2023/10/15 17:02:28 [notice] 1#1: worker process 915 exited with code 0
2023/10/15 17:02:28 [notice] 1#1: worker process 914 exited with code 0
2023/10/15 17:02:28 [notice] 1#1: signal 29 (SIGIO) received
2023/10/15 17:02:28 [notice] 1#1: signal 17 (SIGCHLD) received from 914
2023/10/15 17:02:28 [notice] 1#1: signal 17 (SIGCHLD) received from 916
2023/10/15 17:02:28 [notice] 1#1: worker process 916 exited with code 0
2023/10/15 17:02:28 [notice] 1#1: signal 29 (SIGIO) received
2023/10/15 17:02:28 [notice] 1#1: signal 17 (SIGCHLD) received from 923
2023/10/15 17:02:28 [notice] 1#1: worker process 923 exited with code 0
2023/10/15 17:02:28 [notice] 1#1: signal 29 (SIGIO) received
2023/10/15 17:02:28 [notice] 1#1: signal 17 (SIGCHLD) received from 922
2023/10/15 17:02:28 [notice] 1#1: worker process 922 exited with code 0
2023/10/15 17:02:28 [notice] 1#1: signal 29 (SIGIO) received
2023/10/15 17:02:28 [notice] 1#1: signal 17 (SIGCHLD) received from 929
2023/10/15 17:02:28 [notice] 1#1: worker process 929 exited with code 0
2023/10/15 17:02:28 [notice] 1#1: worker process 917 exited with code 0
2023/10/15 17:02:28 [notice] 1#1: signal 17 (SIGCHLD) received from 917
2023/10/15 17:02:28 [notice] 1#1: signal 17 (SIGCHLD) received from 930
2023/10/15 17:02:28 [notice] 1#1: worker process 930 exited with code 0
2023/10/15 17:02:28 [notice] 1#1: exit
